[15:26:38] Using gulpfile ~/dev/sandbox/silversword/fivenations/gulpfile.js
[15:26:38] Starting 'pull'...
[15:26:38] Starting 'clean'...
[15:26:38] Finished 'clean' after 230 ms
[15:26:39] Already up-to-date.
 From github.com:vbence86/fivenations
 * branch                      master     -> FETCH_HEAD

[15:26:39] Finished 'pull' after 1.18 s
[15:26:39] Starting 'copy-src'...
[15:26:40] Finished 'copy-src' after 963 ms
[15:26:40] Starting 'process-html'...
[15:26:40] Finished 'process-html' after 8.54 ms
[15:26:40] Starting 'finalise-html'...
[15:26:40] Finished 'finalise-html' after 19 ms
[15:26:40] Starting 'build'...
[15:26:40] Finished 'build' after 16 μs
[15:27:37] Using gulpfile ~/dev/sandbox/silversword/fivenations/gulpfile.js
[15:27:37] Starting 'pull'...
[15:27:37] Starting 'clean'...
[15:27:37] Finished 'clean' after 227 ms
[15:27:38] Already up-to-date.
 From github.com:vbence86/fivenations
 * branch                      master     -> FETCH_HEAD

[15:27:38] Finished 'pull' after 1.21 s
[15:27:38] Starting 'copy-src'...
[15:27:39] Finished 'copy-src' after 974 ms
[15:27:39] Starting 'process-html'...
[15:27:39] Finished 'process-html' after 8.9 ms
[15:27:39] Starting 'finalise-html'...
[15:27:39] Finished 'finalise-html' after 14 ms
[15:27:39] Starting 'build'...
[15:27:39] Finished 'build' after 15 μs
